h:\users\dh\桌面\毕设\process\filescanner\filescanner\x64\debug\vc142.pdb
h:\users\dh\桌面\毕设\process\filescanner\filescanner\x64\debug\scanner.obj
h:\users\dh\桌面\毕设\process\filescanner\x64\debug\filescanner.sys
h:\users\dh\桌面\毕设\process\filescanner\x64\debug\filescanner.pdb
h:\users\dh\桌面\毕设\process\filescanner\filescanner\x64\debug\filescanner.inf
h:\users\dh\桌面\毕设\process\filescanner\x64\debug\filescanner.cer
h:\users\dh\桌面\毕设\process\filescanner\x64\debug\filescanner.inf
h:\users\dh\桌面\毕设\process\filescanner\filescanner\x64\debug\filescanner.tlog\cl.command.1.tlog
h:\users\dh\桌面\毕设\process\filescanner\filescanner\x64\debug\filescanner.tlog\cl.read.1.tlog
h:\users\dh\桌面\毕设\process\filescanner\filescanner\x64\debug\filescanner.tlog\cl.write.1.tlog
h:\users\dh\桌面\毕设\process\filescanner\filescanner\x64\debug\filescanner.tlog\inf2cat-expand.27596.read.1.tlog
h:\users\dh\桌面\毕设\process\filescanner\filescanner\x64\debug\filescanner.tlog\inf2cat-expand.27596.write.1.tlog
h:\users\dh\桌面\毕设\process\filescanner\filescanner\x64\debug\filescanner.tlog\inf2cat-expand.read.1.tlog
h:\users\dh\桌面\毕设\process\filescanner\filescanner\x64\debug\filescanner.tlog\inf2cat-expand.write.1.tlog
h:\users\dh\桌面\毕设\process\filescanner\filescanner\x64\debug\filescanner.tlog\inf2cat.command.1.tlog
h:\users\dh\桌面\毕设\process\filescanner\filescanner\x64\debug\filescanner.tlog\inf2cat.read.1.tlog
h:\users\dh\桌面\毕设\process\filescanner\filescanner\x64\debug\filescanner.tlog\inf2cat.write.1.tlog
h:\users\dh\桌面\毕设\process\filescanner\filescanner\x64\debug\filescanner.tlog\link.command.1.tlog
h:\users\dh\桌面\毕设\process\filescanner\filescanner\x64\debug\filescanner.tlog\link.read.1.tlog
h:\users\dh\桌面\毕设\process\filescanner\filescanner\x64\debug\filescanner.tlog\link.write.1.tlog
h:\users\dh\桌面\毕设\process\filescanner\filescanner\x64\debug\filescanner.tlog\signtool.command.1.tlog
h:\users\dh\桌面\毕设\process\filescanner\filescanner\x64\debug\filescanner.tlog\signtool.read.1.tlog
h:\users\dh\桌面\毕设\process\filescanner\filescanner\x64\debug\filescanner.tlog\signtool.timestamp.1.tlog
h:\users\dh\桌面\毕设\process\filescanner\filescanner\x64\debug\filescanner.tlog\signtool.write.1.tlog
h:\users\dh\桌面\毕设\process\filescanner\filescanner\x64\debug\filescanner.tlog\stampinf.command.1.tlog
h:\users\dh\桌面\毕设\process\filescanner\filescanner\x64\debug\filescanner.tlog\stampinf.read.1.tlog
h:\users\dh\桌面\毕设\process\filescanner\filescanner\x64\debug\filescanner.tlog\stampinf.write.1.tlog
