  Building 'FileScanner' with toolset 'WindowsKernelModeDriver10.0' and the 'Desktop' target platform.
  Stamping x64\Debug\FileScanner.inf
  Stamping [Version] section with DriverVer=05/23/2024,1.25.22.733
H:\Users\DH\桌面\毕设\process\FileScanner\FileScanner\FileScanner.inf : warning 1420: [DefaultInstall]-based INF cannot be processed as Primitive.
H:\Users\DH\桌面\毕设\process\FileScanner\FileScanner\FileScanner.inf(8-8): warning 1324: [Version] section should specify PnpLockdown=1.
H:\Users\DH\桌面\毕设\process\FileScanner\FileScanner\FileScanner.inf(25-25): warning 1421: Section [DefaultInstall] should have an architecture decoration.
H:\Users\DH\桌面\毕设\process\FileScanner\FileScanner\FileScanner.inf(36-36): warning 1421: Section [DefaultUninstall] should have an architecture decoration.
H:\Users\DH\桌面\毕设\process\FileScanner\FileScanner\FileScanner.inf(74-74): warning 1205: Section [FileScanner.DriverFiles] referenced from DelFiles and CopyFiles directive.
  scanner.c
  FileScanner.vcxproj -> H:\Users\DH\桌面\毕设\process\FileScanner\x64\Debug\FileScanner.sys
  Done Adding Additional Store
  Successfully signed: H:\Users\DH\\\process\FileScanner\x64\Debug\FileScanner.sys
  
  ........................
  Signability test complete.
  
  Errors:
  None
  
  Warnings:
  None
  
  Catalog generation complete.
  H:\Users\DH\桌面\毕设\process\FileScanner\x64\Debug\FileScanner\filescanner.cat
  Done Adding Additional Store
  Successfully signed: H:\Users\DH\\\process\FileScanner\x64\Debug\FileScanner\filescanner.cat
  
