h:\users\dh\桌面\毕设\process\forcedelete\forcedelete\x64\debug\vc142.pdb
h:\users\dh\桌面\毕设\process\forcedelete\forcedelete\x64\debug\main.obj
h:\users\dh\桌面\毕设\process\forcedelete\x64\debug\forcedelete\forcedelete.cat
h:\users\dh\桌面\毕设\process\forcedelete\x64\debug\forcedelete.sys
h:\users\dh\桌面\毕设\process\forcedelete\x64\debug\forcedelete.pdb
h:\users\dh\桌面\毕设\process\forcedelete\forcedelete\x64\debug\forcedelete.inf
h:\users\dh\桌面\毕设\process\forcedelete\x64\debug\forcedelete.cer
h:\users\dh\桌面\毕设\process\forcedelete\x64\debug\forcedelete.inf
h:\users\dh\桌面\毕设\process\forcedelete\forcedelete\x64\debug\forcedelete.tlog\cl.command.1.tlog
h:\users\dh\桌面\毕设\process\forcedelete\forcedelete\x64\debug\forcedelete.tlog\cl.read.1.tlog
h:\users\dh\桌面\毕设\process\forcedelete\forcedelete\x64\debug\forcedelete.tlog\cl.write.1.tlog
h:\users\dh\桌面\毕设\process\forcedelete\forcedelete\x64\debug\forcedelete.tlog\inf2cat-expand.22672.read.1.tlog
h:\users\dh\桌面\毕设\process\forcedelete\forcedelete\x64\debug\forcedelete.tlog\inf2cat-expand.22672.write.1.tlog
h:\users\dh\桌面\毕设\process\forcedelete\forcedelete\x64\debug\forcedelete.tlog\inf2cat-expand.read.1.tlog
h:\users\dh\桌面\毕设\process\forcedelete\forcedelete\x64\debug\forcedelete.tlog\inf2cat-expand.write.1.tlog
h:\users\dh\桌面\毕设\process\forcedelete\forcedelete\x64\debug\forcedelete.tlog\inf2cat.command.1.tlog
h:\users\dh\桌面\毕设\process\forcedelete\forcedelete\x64\debug\forcedelete.tlog\inf2cat.read.1.tlog
h:\users\dh\桌面\毕设\process\forcedelete\forcedelete\x64\debug\forcedelete.tlog\inf2cat.write.1.tlog
h:\users\dh\桌面\毕设\process\forcedelete\forcedelete\x64\debug\forcedelete.tlog\link.command.1.tlog
h:\users\dh\桌面\毕设\process\forcedelete\forcedelete\x64\debug\forcedelete.tlog\link.read.1.tlog
h:\users\dh\桌面\毕设\process\forcedelete\forcedelete\x64\debug\forcedelete.tlog\link.write.1.tlog
h:\users\dh\桌面\毕设\process\forcedelete\forcedelete\x64\debug\forcedelete.tlog\signtool.command.1.tlog
h:\users\dh\桌面\毕设\process\forcedelete\forcedelete\x64\debug\forcedelete.tlog\signtool.read.1.tlog
h:\users\dh\桌面\毕设\process\forcedelete\forcedelete\x64\debug\forcedelete.tlog\signtool.timestamp.1.tlog
h:\users\dh\桌面\毕设\process\forcedelete\forcedelete\x64\debug\forcedelete.tlog\signtool.write.1.tlog
h:\users\dh\桌面\毕设\process\forcedelete\forcedelete\x64\debug\forcedelete.tlog\stampinf.command.1.tlog
h:\users\dh\桌面\毕设\process\forcedelete\forcedelete\x64\debug\forcedelete.tlog\stampinf.read.1.tlog
h:\users\dh\桌面\毕设\process\forcedelete\forcedelete\x64\debug\forcedelete.tlog\stampinf.write.1.tlog
