h:\users\dh\桌面\毕设\process\kernelcallbacks\kernelcallbacks\x64\debug\vc142.pdb
h:\users\dh\桌面\毕设\process\kernelcallbacks\kernelcallbacks\x64\debug\utils.obj
h:\users\dh\桌面\毕设\process\kernelcallbacks\kernelcallbacks\x64\debug\registerwork.obj
h:\users\dh\桌面\毕设\process\kernelcallbacks\kernelcallbacks\x64\debug\main.obj
h:\users\dh\桌面\毕设\process\kernelcallbacks\kernelcallbacks\x64\debug\loadconfigfile.obj
h:\users\dh\桌面\毕设\process\kernelcallbacks\kernelcallbacks\x64\debug\injectwork.obj
h:\users\dh\桌面\毕设\process\kernelcallbacks\kernelcallbacks\x64\debug\injectdll.obj
h:\users\dh\桌面\毕设\process\kernelcallbacks\kernelcallbacks\x64\debug\initundocumentdata.obj
h:\users\dh\桌面\毕设\process\kernelcallbacks\kernelcallbacks\x64\debug\getssdtindexbyname.obj
h:\users\dh\桌面\毕设\process\kernelcallbacks\kernelcallbacks\x64\debug\getntfunfromindex.obj
h:\users\dh\桌面\毕设\process\kernelcallbacks\kernelcallbacks\x64\debug\functions.obj
h:\users\dh\桌面\毕设\process\kernelcallbacks\kernelcallbacks\x64\debug\allocvm.obj
h:\users\dh\桌面\毕设\process\kernelcallbacks\x64\debug\kernelcallbacks.sys
h:\users\dh\桌面\毕设\process\kernelcallbacks\x64\debug\kernelcallbacks.pdb
h:\users\dh\桌面\毕设\process\kernelcallbacks\kernelcallbacks\x64\debug\kernelcallbacks.inf
h:\users\dh\桌面\毕设\process\kernelcallbacks\x64\debug\kernelcallbacks.cer
h:\users\dh\桌面\毕设\process\kernelcallbacks\x64\debug\kernelcallbacks.inf
h:\users\dh\桌面\毕设\process\kernelcallbacks\kernelcallbacks\x64\debug\kernelcallbacks.tlog\cl.command.1.tlog
h:\users\dh\桌面\毕设\process\kernelcallbacks\kernelcallbacks\x64\debug\kernelcallbacks.tlog\cl.read.1.tlog
h:\users\dh\桌面\毕设\process\kernelcallbacks\kernelcallbacks\x64\debug\kernelcallbacks.tlog\cl.write.1.tlog
h:\users\dh\桌面\毕设\process\kernelcallbacks\kernelcallbacks\x64\debug\kernelcallbacks.tlog\inf2cat-expand.22268.read.1.tlog
h:\users\dh\桌面\毕设\process\kernelcallbacks\kernelcallbacks\x64\debug\kernelcallbacks.tlog\inf2cat-expand.22268.write.1.tlog
h:\users\dh\桌面\毕设\process\kernelcallbacks\kernelcallbacks\x64\debug\kernelcallbacks.tlog\inf2cat-expand.read.1.tlog
h:\users\dh\桌面\毕设\process\kernelcallbacks\kernelcallbacks\x64\debug\kernelcallbacks.tlog\inf2cat-expand.write.1.tlog
h:\users\dh\桌面\毕设\process\kernelcallbacks\kernelcallbacks\x64\debug\kernelcallbacks.tlog\inf2cat.command.1.tlog
h:\users\dh\桌面\毕设\process\kernelcallbacks\kernelcallbacks\x64\debug\kernelcallbacks.tlog\inf2cat.read.1.tlog
h:\users\dh\桌面\毕设\process\kernelcallbacks\kernelcallbacks\x64\debug\kernelcallbacks.tlog\inf2cat.write.1.tlog
h:\users\dh\桌面\毕设\process\kernelcallbacks\kernelcallbacks\x64\debug\kernelcallbacks.tlog\link.command.1.tlog
h:\users\dh\桌面\毕设\process\kernelcallbacks\kernelcallbacks\x64\debug\kernelcallbacks.tlog\link.read.1.tlog
h:\users\dh\桌面\毕设\process\kernelcallbacks\kernelcallbacks\x64\debug\kernelcallbacks.tlog\link.write.1.tlog
h:\users\dh\桌面\毕设\process\kernelcallbacks\kernelcallbacks\x64\debug\kernelcallbacks.tlog\signtool.command.1.tlog
h:\users\dh\桌面\毕设\process\kernelcallbacks\kernelcallbacks\x64\debug\kernelcallbacks.tlog\signtool.read.1.tlog
h:\users\dh\桌面\毕设\process\kernelcallbacks\kernelcallbacks\x64\debug\kernelcallbacks.tlog\signtool.timestamp.1.tlog
h:\users\dh\桌面\毕设\process\kernelcallbacks\kernelcallbacks\x64\debug\kernelcallbacks.tlog\signtool.write.1.tlog
h:\users\dh\桌面\毕设\process\kernelcallbacks\kernelcallbacks\x64\debug\kernelcallbacks.tlog\stampinf.command.1.tlog
h:\users\dh\桌面\毕设\process\kernelcallbacks\kernelcallbacks\x64\debug\kernelcallbacks.tlog\stampinf.read.1.tlog
h:\users\dh\桌面\毕设\process\kernelcallbacks\kernelcallbacks\x64\debug\kernelcallbacks.tlog\stampinf.write.1.tlog
