  Building 'KernelCallBacks' with toolset 'WindowsKernelModeDriver10.0' and the 'Universal' target platform.
  Stamping x64\Debug\KernelCallBacks.inf
  Stamping [Version] section with DriverVer=05/23/2024,1.25.51.838
  allocVM.cpp
  functions.cpp
  getNtFunFromIndex.cpp
H:\Users\DH\桌面\毕设\process\KernelCallBacks\KernelCallBacks\getNtFunFromIndex.cpp(205,17): warning C4101: “routineName”: 未引用的局部变量
  getSSDTIndexByName.cpp
H:\Users\DH\桌面\毕设\process\KernelCallBacks\KernelCallBacks\getSSDTIndexByName.cpp(10,67): warning C4459: “FileSize”的声明隐藏了全局声明
H:\Users\DH\桌面\毕设\process\KernelCallBacks\KernelCallBacks\getSSDTIndexByName.cpp(7,7): message : 参见“FileSize”的声明
H:\Users\DH\桌面\毕设\process\KernelCallBacks\KernelCallBacks\getSSDTIndexByName.cpp(31,44): warning C4459: “FileData”的声明隐藏了全局声明
H:\Users\DH\桌面\毕设\process\KernelCallBacks\KernelCallBacks\getSSDTIndexByName.cpp(6,16): message : 参见“FileData”的声明
H:\Users\DH\桌面\毕设\process\KernelCallBacks\KernelCallBacks\getSSDTIndexByName.cpp(31,60): warning C4459: “FileSize”的声明隐藏了全局声明
H:\Users\DH\桌面\毕设\process\KernelCallBacks\KernelCallBacks\getSSDTIndexByName.cpp(7,7): message : 参见“FileSize”的声明
  initUndocumentData.cpp
  injectDLL.cpp
H:\Users\DH\桌面\毕设\process\KernelCallBacks\KernelCallBacks\injectDLL.cpp(132,54): warning C4127: 条件表达式是常量
H:\Users\DH\桌面\毕设\process\KernelCallBacks\KernelCallBacks\injectDLL.cpp(107,33): warning C4101: “pBoundImport”: 未引用的局部变量
  injectWork.cpp
H:\Users\DH\桌面\毕设\process\KernelCallBacks\KernelCallBacks\injectWork.cpp(30,28): warning C4267: “初始化”: 从“size_t”转换到“int”，可能丢失数据
H:\Users\DH\桌面\毕设\process\KernelCallBacks\KernelCallBacks\injectWork.cpp(31,32): warning C4267: “初始化”: 从“size_t”转换到“int”，可能丢失数据
H:\Users\DH\桌面\毕设\process\KernelCallBacks\KernelCallBacks\injectWork.cpp(90,11): warning C4101: “status”: 未引用的局部变量
H:\Users\DH\桌面\毕设\process\KernelCallBacks\KernelCallBacks\injectWork.cpp(87,9): warning C4101: “pFileName”: 未引用的局部变量
H:\Users\DH\桌面\毕设\process\KernelCallBacks\KernelCallBacks\injectWork.cpp(86,7): warning C4189: “szFullImageName”: 局部变量已初始化但不引用
H:\Users\DH\桌面\毕设\process\KernelCallBacks\KernelCallBacks\injectWork.cpp(89,12): warning C4101: “Process”: 未引用的局部变量
  loadConfigFile.cpp
  main.cpp
H:\Users\DH\桌面\毕设\process\KernelCallBacks\KernelCallBacks\importTableInjectDll.h(50,151): warning C4245: “初始化”: 从“int”转换到“ULONG”，有符号/无符号不匹配
H:\Users\DH\桌面\毕设\process\KernelCallBacks\KernelCallBacks\main.cpp(29,73): warning C4100: “RegisterPath”: 未引用的形参
H:\Users\DH\桌面\毕设\process\KernelCallBacks\KernelCallBacks\main.cpp(75,34): warning C4100: “DriverObject”: 未引用的形参
  registerWork.cpp
H:\Users\DH\桌面\毕设\process\KernelCallBacks\KernelCallBacks\registerWork.cpp(24,102): warning C4244: “参数”: 从“SIZE_T”转换到“ULONG”，可能丢失数据
H:\Users\DH\桌面\毕设\process\KernelCallBacks\KernelCallBacks\registerWork.cpp(23,30): warning C4996: 'ExAllocatePool': 被声明为已否决
H:\Users\DH\桌面\毕设\process\KernelCallBacks\KernelCallBacks\registerWork.cpp(24,14): warning C4189: “status”: 局部变量已初始化但不引用
H:\Users\DH\桌面\毕设\process\KernelCallBacks\KernelCallBacks\registerWork.cpp(74,40): warning C4311: “类型强制转换”: 从“PVOID”到“LONG”的指针截断
H:\Users\DH\桌面\毕设\process\KernelCallBacks\KernelCallBacks\registerWork.cpp(74,40): warning C4302: “类型强制转换”: 从“PVOID”到“LONG”截断
H:\Users\DH\桌面\毕设\process\KernelCallBacks\KernelCallBacks\registerWork.cpp(78,32): warning C4996: 'ExAllocatePool': 被声明为已否决
H:\Users\DH\桌面\毕设\process\KernelCallBacks\KernelCallBacks\registerWork.cpp(67,38): warning C4100: “CallbackContext”: 未引用的形参
  Utils.cpp
  正在生成代码...
  KernelCallBacks.vcxproj -> H:\Users\DH\桌面\毕设\process\KernelCallBacks\x64\Debug\KernelCallBacks.sys
  Done Adding Additional Store
  Successfully signed: H:\Users\DH\\\process\KernelCallBacks\x64\Debug\KernelCallBacks.sys
  
  Driver is 'Universal'.
  ........................
  Signability test complete.
  
  Errors:
  None
  
  Warnings:
  None
  
  Catalog generation complete.
  H:\Users\DH\桌面\毕设\process\KernelCallBacks\x64\Debug\KernelCallBacks\kernelcallbacks.cat
  Done Adding Additional Store
  Successfully signed: H:\Users\DH\\\process\KernelCallBacks\x64\Debug\KernelCallBacks\kernelcallbacks.cat
  
