h:\users\dh\桌面\毕设\process\selfprotect\selfprotect\x64\debug\vc142.pdb
h:\users\dh\桌面\毕设\process\selfprotect\selfprotect\x64\debug\uilt.obj
h:\users\dh\桌面\毕设\process\selfprotect\selfprotect\x64\debug\protect.obj
h:\users\dh\桌面\毕设\process\selfprotect\selfprotect\x64\debug\main.obj
h:\users\dh\桌面\毕设\process\selfprotect\selfprotect\x64\debug\hide.obj
h:\users\dh\桌面\毕设\process\selfprotect\x64\debug\selfprotect\selfprotect.cat
h:\users\dh\桌面\毕设\process\selfprotect\x64\debug\selfprotect.sys
h:\users\dh\桌面\毕设\process\selfprotect\x64\debug\selfprotect.pdb
h:\users\dh\桌面\毕设\process\selfprotect\selfprotect\x64\debug\selfprotect.inf
h:\users\dh\桌面\毕设\process\selfprotect\x64\debug\selfprotect.cer
h:\users\dh\桌面\毕设\process\selfprotect\x64\debug\selfprotect.inf
h:\users\dh\桌面\毕设\process\selfprotect\selfprotect\x64\debug\selfprotect.tlog\cl.command.1.tlog
h:\users\dh\桌面\毕设\process\selfprotect\selfprotect\x64\debug\selfprotect.tlog\cl.read.1.tlog
h:\users\dh\桌面\毕设\process\selfprotect\selfprotect\x64\debug\selfprotect.tlog\cl.write.1.tlog
h:\users\dh\桌面\毕设\process\selfprotect\selfprotect\x64\debug\selfprotect.tlog\inf2cat-expand.22136.read.1.tlog
h:\users\dh\桌面\毕设\process\selfprotect\selfprotect\x64\debug\selfprotect.tlog\inf2cat-expand.22136.write.1.tlog
h:\users\dh\桌面\毕设\process\selfprotect\selfprotect\x64\debug\selfprotect.tlog\inf2cat-expand.read.1.tlog
h:\users\dh\桌面\毕设\process\selfprotect\selfprotect\x64\debug\selfprotect.tlog\inf2cat-expand.write.1.tlog
h:\users\dh\桌面\毕设\process\selfprotect\selfprotect\x64\debug\selfprotect.tlog\inf2cat.command.1.tlog
h:\users\dh\桌面\毕设\process\selfprotect\selfprotect\x64\debug\selfprotect.tlog\inf2cat.read.1.tlog
h:\users\dh\桌面\毕设\process\selfprotect\selfprotect\x64\debug\selfprotect.tlog\inf2cat.write.1.tlog
h:\users\dh\桌面\毕设\process\selfprotect\selfprotect\x64\debug\selfprotect.tlog\link.command.1.tlog
h:\users\dh\桌面\毕设\process\selfprotect\selfprotect\x64\debug\selfprotect.tlog\link.read.1.tlog
h:\users\dh\桌面\毕设\process\selfprotect\selfprotect\x64\debug\selfprotect.tlog\link.write.1.tlog
h:\users\dh\桌面\毕设\process\selfprotect\selfprotect\x64\debug\selfprotect.tlog\signtool.command.1.tlog
h:\users\dh\桌面\毕设\process\selfprotect\selfprotect\x64\debug\selfprotect.tlog\signtool.read.1.tlog
h:\users\dh\桌面\毕设\process\selfprotect\selfprotect\x64\debug\selfprotect.tlog\signtool.timestamp.1.tlog
h:\users\dh\桌面\毕设\process\selfprotect\selfprotect\x64\debug\selfprotect.tlog\signtool.write.1.tlog
h:\users\dh\桌面\毕设\process\selfprotect\selfprotect\x64\debug\selfprotect.tlog\stampinf.command.1.tlog
h:\users\dh\桌面\毕设\process\selfprotect\selfprotect\x64\debug\selfprotect.tlog\stampinf.read.1.tlog
h:\users\dh\桌面\毕设\process\selfprotect\selfprotect\x64\debug\selfprotect.tlog\stampinf.write.1.tlog
